2022-09-07 15:11:44,687:INFO:sqlalchemy.orm.mapper.Mapper: (user|user) _configure_property(uid, Column)
2022-09-07 15:11:44,687:INFO:sqlalchemy.orm.mapper.Mapper: (user|user) _configure_property(dob, Column)
2022-09-07 15:11:44,687:INFO:sqlalchemy.orm.mapper.Mapper: (user|user) Identified primary key columns: ColumnSet([Column('uid', Integer(), table=<user>, primary_key=True, nullable=False)])
2022-09-07 15:11:44,688:INFO:sqlalchemy.orm.mapper.Mapper: (user|user) constructed
2022-09-07 15:11:44,689:INFO:sqlalchemy.orm.mapper.Mapper: (config|config) _configure_property(guild, Column)
2022-09-07 15:11:44,689:INFO:sqlalchemy.orm.mapper.Mapper: (config|config) _configure_property(lobby, Column)
2022-09-07 15:11:44,690:INFO:sqlalchemy.orm.mapper.Mapper: (config|config) _configure_property(agelog, Column)
2022-09-07 15:11:44,690:INFO:sqlalchemy.orm.mapper.Mapper: (config|config) _configure_property(modlobby, Column)
2022-09-07 15:11:44,690:INFO:sqlalchemy.orm.mapper.Mapper: (config|config) _configure_property(general, Column)
2022-09-07 15:11:44,690:INFO:sqlalchemy.orm.mapper.Mapper: (config|config) Identified primary key columns: ColumnSet([Column('guild', Integer(), table=<config>, primary_key=True, nullable=False)])
2022-09-07 15:11:44,690:INFO:sqlalchemy.orm.mapper.Mapper: (config|config) constructed
2022-09-07 15:11:44,691:INFO:sqlalchemy.orm.mapper.Mapper: (permissions|permissions) _configure_property(guild, Column)
2022-09-07 15:11:44,691:INFO:sqlalchemy.orm.mapper.Mapper: (permissions|permissions) _configure_property(admin, Column)
2022-09-07 15:11:44,691:INFO:sqlalchemy.orm.mapper.Mapper: (permissions|permissions) _configure_property(mod, Column)
2022-09-07 15:11:44,691:INFO:sqlalchemy.orm.mapper.Mapper: (permissions|permissions) _configure_property(trial, Column)
2022-09-07 15:11:44,691:INFO:sqlalchemy.orm.mapper.Mapper: (permissions|permissions) Identified primary key columns: ColumnSet([Column('guild', Integer(), table=<permissions>, primary_key=True, nullable=False)])
2022-09-07 15:11:44,691:INFO:sqlalchemy.orm.mapper.Mapper: (permissions|permissions) constructed
2022-09-07 15:11:44,692:INFO:sqlalchemy.orm.mapper.Mapper: (warnings|warnings) _configure_property(uid, Column)
2022-09-07 15:11:44,692:INFO:sqlalchemy.orm.mapper.Mapper: (warnings|warnings) _configure_property(swarnings, Column)
2022-09-07 15:11:44,692:INFO:sqlalchemy.orm.mapper.Mapper: (warnings|warnings) Identified primary key columns: ColumnSet([Column('uid', Integer(), table=<warnings>, primary_key=True, nullable=False)])
2022-09-07 15:11:44,692:INFO:sqlalchemy.orm.mapper.Mapper: (warnings|warnings) constructed
2022-09-07 15:11:44,693:INFO:sqlalchemy.engine.Engine: BEGIN (implicit)
2022-09-07 15:11:44,693:INFO:sqlalchemy.engine.Engine: PRAGMA main.table_info("user")
2022-09-07 15:11:44,693:INFO:sqlalchemy.engine.Engine: [raw sql] ()
2022-09-07 15:11:44,693:INFO:sqlalchemy.engine.Engine: PRAGMA main.table_info("config")
2022-09-07 15:11:44,693:INFO:sqlalchemy.engine.Engine: [raw sql] ()
2022-09-07 15:11:44,694:INFO:sqlalchemy.engine.Engine: PRAGMA main.table_info("permissions")
2022-09-07 15:11:44,694:INFO:sqlalchemy.engine.Engine: [raw sql] ()
2022-09-07 15:11:44,694:INFO:sqlalchemy.engine.Engine: PRAGMA main.table_info("warnings")
2022-09-07 15:11:44,694:INFO:sqlalchemy.engine.Engine: [raw sql] ()
2022-09-07 15:11:44,695:INFO:sqlalchemy.engine.Engine: COMMIT
2022-09-07 15:11:48,322:INFO:sqlalchemy.orm.mapper.Mapper: (user|user) _post_configure_properties() started
2022-09-07 15:11:48,322:INFO:sqlalchemy.orm.mapper.Mapper: (user|user) initialize prop uid
2022-09-07 15:11:48,322:INFO:sqlalchemy.orm.mapper.Mapper: (user|user) initialize prop dob
2022-09-07 15:11:48,322:INFO:sqlalchemy.orm.mapper.Mapper: (user|user) _post_configure_properties() complete
2022-09-07 15:11:48,322:INFO:sqlalchemy.orm.mapper.Mapper: (config|config) _post_configure_properties() started
2022-09-07 15:11:48,322:INFO:sqlalchemy.orm.mapper.Mapper: (config|config) initialize prop guild
2022-09-07 15:11:48,322:INFO:sqlalchemy.orm.mapper.Mapper: (config|config) initialize prop lobby
2022-09-07 15:11:48,323:INFO:sqlalchemy.orm.mapper.Mapper: (config|config) initialize prop agelog
2022-09-07 15:11:48,323:INFO:sqlalchemy.orm.mapper.Mapper: (config|config) initialize prop modlobby
2022-09-07 15:11:48,323:INFO:sqlalchemy.orm.mapper.Mapper: (config|config) initialize prop general
2022-09-07 15:11:48,323:INFO:sqlalchemy.orm.mapper.Mapper: (config|config) _post_configure_properties() complete
2022-09-07 15:11:48,323:INFO:sqlalchemy.orm.mapper.Mapper: (permissions|permissions) _post_configure_properties() started
2022-09-07 15:11:48,323:INFO:sqlalchemy.orm.mapper.Mapper: (permissions|permissions) initialize prop guild
2022-09-07 15:11:48,323:INFO:sqlalchemy.orm.mapper.Mapper: (permissions|permissions) initialize prop admin
2022-09-07 15:11:48,323:INFO:sqlalchemy.orm.mapper.Mapper: (permissions|permissions) initialize prop mod
2022-09-07 15:11:48,323:INFO:sqlalchemy.orm.mapper.Mapper: (permissions|permissions) initialize prop trial
2022-09-07 15:11:48,323:INFO:sqlalchemy.orm.mapper.Mapper: (permissions|permissions) _post_configure_properties() complete
2022-09-07 15:11:48,323:INFO:sqlalchemy.orm.mapper.Mapper: (warnings|warnings) _post_configure_properties() started
2022-09-07 15:11:48,323:INFO:sqlalchemy.orm.mapper.Mapper: (warnings|warnings) initialize prop uid
2022-09-07 15:11:48,323:INFO:sqlalchemy.orm.mapper.Mapper: (warnings|warnings) initialize prop swarnings
2022-09-07 15:11:48,323:INFO:sqlalchemy.orm.mapper.Mapper: (warnings|warnings) _post_configure_properties() complete
2022-09-07 15:11:48,324:INFO:sqlalchemy.engine.Engine: BEGIN (implicit)
2022-09-07 15:11:48,326:INFO:sqlalchemy.engine.Engine: SELECT config.guild AS config_guild, config.lobby AS config_lobby, config.agelog AS config_agelog, config.modlobby AS config_modlobby, config.general AS config_general 
FROM config 
WHERE config.guild = ?
 LIMIT ? OFFSET ?
2022-09-07 15:11:48,326:INFO:sqlalchemy.engine.Engine: [generated in 0.00013s] (395614061393477632, 1, 0)
2022-09-07 15:11:48,327:INFO:sqlalchemy.engine.Engine: SELECT permissions.guild AS permissions_guild, permissions.admin AS permissions_admin, permissions.mod AS permissions_mod, permissions.trial AS permissions_trial 
FROM permissions 
WHERE permissions.guild = ?
 LIMIT ? OFFSET ?
2022-09-07 15:11:48,327:INFO:sqlalchemy.engine.Engine: [generated in 0.00012s] (395614061393477632, 1, 0)
2022-09-07 15:11:48,549:INFO:sqlalchemy.engine.Engine: SELECT config.guild AS config_guild, config.lobby AS config_lobby, config.agelog AS config_agelog, config.modlobby AS config_modlobby, config.general AS config_general 
FROM config 
WHERE config.guild = ?
 LIMIT ? OFFSET ?
2022-09-07 15:11:48,549:INFO:sqlalchemy.engine.Engine: [cached since 0.2235s ago] (780622396297183252, 1, 0)
2022-09-07 15:11:48,550:INFO:sqlalchemy.engine.Engine: SELECT permissions.guild AS permissions_guild, permissions.admin AS permissions_admin, permissions.mod AS permissions_mod, permissions.trial AS permissions_trial 
FROM permissions 
WHERE permissions.guild = ?
 LIMIT ? OFFSET ?
2022-09-07 15:11:48,550:INFO:sqlalchemy.engine.Engine: [cached since 0.2228s ago] (780622396297183252, 1, 0)
2022-09-07 15:16:07,191:INFO:sqlalchemy.engine.Engine: SELECT warnings.uid AS warnings_uid, warnings.swarnings AS warnings_swarnings 
FROM warnings 
WHERE warnings.uid = ?
 LIMIT ? OFFSET ?
2022-09-07 15:16:07,192:INFO:sqlalchemy.engine.Engine: [generated in 0.00046s] (474365489670389771, 1, 0)
2022-09-07 16:20:35,865:INFO:sqlalchemy.engine.Engine: SELECT warnings.uid AS warnings_uid, warnings.swarnings AS warnings_swarnings 
FROM warnings 
WHERE warnings.uid = ?
 LIMIT ? OFFSET ?
2022-09-07 16:20:35,866:INFO:sqlalchemy.engine.Engine: [cached since 3869s ago] (1013867341920079943, 1, 0)
2022-09-07 16:20:35,867:INFO:sqlalchemy.orm.mapper.Mapper: (user|user) _post_configure_properties() started
2022-09-07 16:20:35,867:INFO:sqlalchemy.orm.mapper.Mapper: (user|user) initialize prop uid
2022-09-07 16:20:35,867:INFO:sqlalchemy.orm.mapper.Mapper: (user|user) initialize prop dob
2022-09-07 16:20:35,867:INFO:sqlalchemy.orm.mapper.Mapper: (user|user) _post_configure_properties() complete
2022-09-07 16:20:35,867:INFO:sqlalchemy.orm.mapper.Mapper: (config|config) _post_configure_properties() started
2022-09-07 16:20:35,867:INFO:sqlalchemy.orm.mapper.Mapper: (config|config) initialize prop guild
2022-09-07 16:20:35,867:INFO:sqlalchemy.orm.mapper.Mapper: (config|config) initialize prop lobby
2022-09-07 16:20:35,867:INFO:sqlalchemy.orm.mapper.Mapper: (config|config) initialize prop agelog
2022-09-07 16:20:35,867:INFO:sqlalchemy.orm.mapper.Mapper: (config|config) initialize prop modlobby
2022-09-07 16:20:35,867:INFO:sqlalchemy.orm.mapper.Mapper: (config|config) initialize prop general
2022-09-07 16:20:35,867:INFO:sqlalchemy.orm.mapper.Mapper: (config|config) _post_configure_properties() complete
2022-09-07 16:20:35,867:INFO:sqlalchemy.orm.mapper.Mapper: (permissions|permissions) _post_configure_properties() started
2022-09-07 16:20:35,868:INFO:sqlalchemy.orm.mapper.Mapper: (permissions|permissions) initialize prop guild
2022-09-07 16:20:35,868:INFO:sqlalchemy.orm.mapper.Mapper: (permissions|permissions) initialize prop admin
2022-09-07 16:20:35,868:INFO:sqlalchemy.orm.mapper.Mapper: (permissions|permissions) initialize prop mod
2022-09-07 16:20:35,868:INFO:sqlalchemy.orm.mapper.Mapper: (permissions|permissions) initialize prop trial
2022-09-07 16:20:35,868:INFO:sqlalchemy.orm.mapper.Mapper: (permissions|permissions) _post_configure_properties() complete
2022-09-07 16:20:35,868:INFO:sqlalchemy.orm.mapper.Mapper: (warnings|warnings) _post_configure_properties() started
2022-09-07 16:20:35,868:INFO:sqlalchemy.orm.mapper.Mapper: (warnings|warnings) initialize prop uid
2022-09-07 16:20:35,868:INFO:sqlalchemy.orm.mapper.Mapper: (warnings|warnings) initialize prop swarnings
2022-09-07 16:20:35,868:INFO:sqlalchemy.orm.mapper.Mapper: (warnings|warnings) _post_configure_properties() complete
2022-09-07 16:20:35,869:INFO:sqlalchemy.engine.Engine: INSERT INTO warnings (uid, swarnings) VALUES (?, ?)
2022-09-07 16:20:35,869:INFO:sqlalchemy.engine.Engine: [generated in 0.00013s] (1013867341920079943, 0)
2022-09-07 16:20:35,871:INFO:sqlalchemy.engine.Engine: COMMIT
2022-09-07 16:20:45,130:INFO:sqlalchemy.engine.Engine: BEGIN (implicit)
2022-09-07 16:20:45,131:INFO:sqlalchemy.engine.Engine: SELECT warnings.uid AS warnings_uid, warnings.swarnings AS warnings_swarnings 
FROM warnings 
WHERE warnings.uid = ?
 LIMIT ? OFFSET ?
2022-09-07 16:20:45,131:INFO:sqlalchemy.engine.Engine: [cached since 3878s ago] (1013867341920079943, 1, 0)
2022-09-07 18:41:17,175:INFO:sqlalchemy.engine.Engine: SELECT warnings.uid AS warnings_uid, warnings.swarnings AS warnings_swarnings 
FROM warnings 
WHERE warnings.uid = ?
 LIMIT ? OFFSET ?
2022-09-07 18:41:17,175:INFO:sqlalchemy.engine.Engine: [cached since 1.231e+04s ago] (523183868036251683, 1, 0)
2022-09-07 18:41:17,177:INFO:sqlalchemy.engine.Engine: INSERT INTO warnings (uid, swarnings) VALUES (?, ?)
2022-09-07 18:41:17,177:INFO:sqlalchemy.engine.Engine: [cached since 8441s ago] (523183868036251683, 0)
2022-09-07 18:41:17,178:INFO:sqlalchemy.engine.Engine: COMMIT
2022-09-07 18:58:08,111:INFO:sqlalchemy.engine.Engine: BEGIN (implicit)
2022-09-07 18:58:08,111:INFO:sqlalchemy.engine.Engine: SELECT warnings.uid AS warnings_uid, warnings.swarnings AS warnings_swarnings 
FROM warnings 
WHERE warnings.uid = ?
 LIMIT ? OFFSET ?
2022-09-07 18:58:08,111:INFO:sqlalchemy.engine.Engine: [cached since 1.332e+04s ago] (361896661301067777, 1, 0)
2022-09-07 18:58:08,112:INFO:sqlalchemy.engine.Engine: INSERT INTO warnings (uid, swarnings) VALUES (?, ?)
2022-09-07 18:58:08,112:INFO:sqlalchemy.engine.Engine: [cached since 9452s ago] (361896661301067777, 0)
2022-09-07 18:58:08,113:INFO:sqlalchemy.engine.Engine: COMMIT
